<?xml version="1.0" encoding="UTF-8"?>
<!-- Generated by org.testng.reporters.JUnitReportReporter -->
<testsuite hostname="soldiers-iMac-2.local" name="com.apple.stringprograms.StringUseless" tests="1" failures="0" timestamp="5 Jul 2016 09:49:45 GMT" time="0.009" errors="0">
  <testcase name="minimumvalue" time="0.009" classname="com.apple.stringprograms.StringUseless"/>
</testsuite> <!-- com.apple.stringprograms.StringUseless -->
