<?xml version="1.0" encoding="UTF-8"?>
<!-- Generated by org.testng.reporters.JUnitReportReporter -->
<testsuite hostname="soldiers-iMac-2.local" name="com.apple.stringprograms.StringSecond" tests="1" failures="0" timestamp="8 Jul 2016 13:39:15 GMT" time="0.008" errors="0">
  <testcase name="duplicateElements" time="0.008" classname="com.apple.stringprograms.StringSecond"/>
</testsuite> <!-- com.apple.stringprograms.StringSecond -->
