<?xml version="1.0" encoding="UTF-8"?>
<!-- Generated by org.testng.reporters.JUnitReportReporter -->
<testsuite hostname="soldiers-iMac-2.local" name="com.apple.explore.experiment.AppTest" tests="1" failures="0" timestamp="1 Jul 2016 14:13:35 GMT" time="0.009" errors="0">
  <testcase name="duplicateChar" time="0.009" classname="com.apple.explore.experiment.AppTest"/>
</testsuite> <!-- com.apple.explore.experiment.AppTest -->
